1665081105373	geckodriver	INFO	Listening on 127.0.0.1:50361
1665081105687	mozrunner::runner	INFO	Running command: "/Applications/Firefox.app/Contents/MacOS/firefox-bin" "--marionette" "--remote-debugging-port" "50362" "--remote-allow-hosts" "localhost" "-foreground" "-no-remote" "-profile" "/var/folders/fg/kbqj38hd0zl55ldzswb60js00000gn/T/rust_mozprofile3qUsKZ"
2022-10-06 20:31:46.425 plugin-container[8571:193418] nil host used in call to allowsSpecificHTTPSCertificateForHost
2022-10-06 20:31:46.425 plugin-container[8571:193418] nil host used in call to allowsAnyHTTPSCertificateForHost:
1665081106442	Marionette	INFO	Marionette enabled
1665081106480	Marionette	INFO	Listening on port 50369
Read port: 50369
WebDriver BiDi listening on ws://127.0.0.1:50362
1665081106561	RemoteAgent	WARN	TLS certificate errors will be ignored for this session
2022-10-06 20:31:46.568 plugin-container[8571:193418] nil host used in call to allowsSpecificHTTPSCertificateForHost
2022-10-06 20:31:46.568 plugin-container[8571:193418] nil host used in call to allowsAnyHTTPSCertificateForHost:
2022-10-06 20:31:46.568 plugin-container[8571:193454] nil host used in call to allowsSpecificHTTPSCertificateForHost
2022-10-06 20:31:46.568 plugin-container[8571:193454] nil host used in call to allowsAnyHTTPSCertificateForHost:
UNSUPPORTED (log once): POSSIBLE ISSUE: unit 1 GLD_TEXTURE_INDEX_2D is unloadable and bound to sampler type (Float) - using zero texture because texture unloadable
console.warn: SearchSettings: "get: No settings file exists, new profile?" (new NotFoundError("Could not open the file at /var/folders/fg/kbqj38hd0zl55ldzswb60js00000gn/T/rust_mozprofile3qUsKZ/search.json.mozlz4", (void 0)))
DevTools listening on ws://127.0.0.1:50362/devtools/browser/2cd3e9b4-e766-4404-adba-04d7cb029978
1665081115176	Marionette	INFO	Stopped listening on port 50369
1665081137074	geckodriver	INFO	Listening on 127.0.0.1:50659
1665081137079	mozrunner::runner	INFO	Running command: "/Applications/Firefox.app/Contents/MacOS/firefox-bin" "--marionette" "--remote-debugging-port" "50660" "--remote-allow-hosts" "localhost" "-foreground" "-no-remote" "-profile" "/var/folders/fg/kbqj38hd0zl55ldzswb60js00000gn/T/rust_mozprofilez32LDh"
2022-10-06 20:32:17.340 plugin-container[8613:194168] nil host used in call to allowsSpecificHTTPSCertificateForHost
2022-10-06 20:32:17.340 plugin-container[8613:194168] nil host used in call to allowsAnyHTTPSCertificateForHost:
1665081137342	Marionette	INFO	Marionette enabled
2022-10-06 20:32:17.343 plugin-container[8613:194168] nil host used in call to allowsSpecificHTTPSCertificateForHost
2022-10-06 20:32:17.343 plugin-container[8613:194168] nil host used in call to allowsAnyHTTPSCertificateForHost:
2022-10-06 20:32:17.343 plugin-container[8613:194170] nil host used in call to allowsSpecificHTTPSCertificateForHost
2022-10-06 20:32:17.343 plugin-container[8613:194170] nil host used in call to allowsAnyHTTPSCertificateForHost:
1665081137358	Marionette	INFO	Listening on port 50665
Read port: 50665
WebDriver BiDi listening on ws://127.0.0.1:50660
1665081137442	RemoteAgent	WARN	TLS certificate errors will be ignored for this session
UNSUPPORTED (log once): POSSIBLE ISSUE: unit 1 GLD_TEXTURE_INDEX_2D is unloadable and bound to sampler type (Float) - using zero texture because texture unloadable
console.warn: SearchSettings: "get: No settings file exists, new profile?" (new NotFoundError("Could not open the file at /var/folders/fg/kbqj38hd0zl55ldzswb60js00000gn/T/rust_mozprofilez32LDh/search.json.mozlz4", (void 0)))
DevTools listening on ws://127.0.0.1:50660/devtools/browser/b594feb2-de2a-47e5-bd63-7260ee203056
1665081145524	Marionette	INFO	Stopped listening on port 50665
